
> shadowcats@0.0.0 start /root/Desktop/mfhraven/shadowcats
> node ./bin/www

chenwenxiao@live.cn
[0mGET /bigmap [36m304 [0m1436.128 ms - -[0m
[0mGET /libs/animated-game/js/jquery-1.9.0.min.js [36m304 [0m7.838 ms - -[0m
[0mGET /libs/animated-game/js/underscore.js [36m304 [0m6.225 ms - -[0m
[0mGET /libs/animated-game/js/backbone.js [36m304 [0m5.706 ms - -[0m
[0mGET /libs/animated-game/js/seedrandom.js [36m304 [0m4.921 ms - -[0m
[0mGET /libs/animated-game/js/tree-face.js [36m304 [0m4.784 ms - -[0m
[0mGET /libs/animated-game/js/path-animal.js [36m304 [0m4.655 ms - -[0m
[0mGET /libs/animated-game/js/snap.svg.js [36m304 [0m0.311 ms - -[0m
[0mGET /libs/animated-game/js/main.js [36m304 [0m1.100 ms - -[0m
[0mGET / [36m304 [0m154.458 ms - -[0m
[0mGET /stylesheets/bootstrap.min.css [36m304 [0m0.823 ms - -[0m
[0mGET /stylesheets/style.css [36m304 [0m0.652 ms - -[0m
[0mGET /images/favicon.ico [36m304 [0m0.361 ms - -[0m
[0mGET /stylesheets/bootstrap.min.css [36m304 [0m0.890 ms - -[0m
[0mGET /stylesheets/style.css [36m304 [0m2.988 ms - -[0m
[0mGET /login [32m200 [0m99.277 ms - 2140[0m
[0mGET /stylesheets/bootstrap.min.css [36m304 [0m0.785 ms - -[0m
[0mGET /stylesheets/style.css [36m304 [0m0.602 ms - -[0m
[0mGET /login [36m304 [0m70.207 ms - -[0m
[0mGET /stylesheets/bootstrap.min.css [36m304 [0m1.141 ms - -[0m
[0mGET /stylesheets/style.css [36m304 [0m0.581 ms - -[0m
[0mGET /login [36m304 [0m41.864 ms - -[0m
[0mGET /stylesheets/bootstrap.min.css [36m304 [0m0.768 ms - -[0m
[0mGET /stylesheets/style.css [36m304 [0m0.953 ms - -[0m
[0mGET /stylesheets/bootstrap.min.css [36m304 [0m3.083 ms - -[0m
[0mGET /stylesheets/style.css [36m304 [0m0.773 ms - -[0m
[0mGET / [36m304 [0m69.806 ms - -[0m
[0mGET /stylesheets/bootstrap.min.css [36m304 [0m0.935 ms - -[0m
[0mGET /stylesheets/style.css [36m304 [0m0.741 ms - -[0m
chenwenxiao@live.cn
[0mGET /bigmap [36m304 [0m634.455 ms - -[0m
[0mGET /libs/animated-game/js/jquery-1.9.0.min.js [36m304 [0m4.412 ms - -[0m
[0mGET /libs/animated-game/js/underscore.js [36m304 [0m3.707 ms - -[0m
[0mGET /libs/animated-game/js/seedrandom.js [36m304 [0m3.417 ms - -[0m
[0mGET /libs/animated-game/js/backbone.js [36m304 [0m3.212 ms - -[0m
[0mGET /libs/animated-game/js/path-animal.js [36m304 [0m3.106 ms - -[0m
[0mGET /libs/animated-game/js/tree-face.js [36m304 [0m2.989 ms - -[0m
[0mGET /libs/animated-game/js/snap.svg.js [36m304 [0m0.327 ms - -[0m
[0mGET /libs/animated-game/js/main.js [36m304 [0m0.294 ms - -[0m
[0mGET /libs/animated-game/js/jquery.min.map [33m404 [0m26.087 ms - 2197[0m
[0mGET / [32m200 [0m57.038 ms - 2396[0m
[0mGET /stylesheets/bootstrap.min.css [32m200 [0m23.847 ms - 122540[0m
[0mGET /stylesheets/style.css [32m200 [0m29.441 ms - 2996[0m
[0mGET /images/favicon.ico [32m200 [0m0.931 ms - 1150[0m
[0mGET /login [32m200 [0m50.847 ms - 2140[0m
[0mGET /stylesheets/bootstrap.min.css [36m304 [0m0.865 ms - -[0m
[0mGET /stylesheets/style.css [36m304 [0m0.801 ms - -[0m
[0mGET /images/favicon.ico [36m304 [0m0.575 ms - -[0m
[0mPOST /login [36m302 [0m44.411 ms - 58[0m
chenwenxiao@live.cn
[0mGET /bigmap [32m200 [0m534.283 ms - 104386[0m
[0mGET /libs/animated-game/js/underscore.js [32m200 [0m20.994 ms - 41662[0m
[0mGET /libs/animated-game/js/seedrandom.js [32m200 [0m20.750 ms - 11541[0m
[0mGET /libs/animated-game/js/backbone.js [32m200 [0m28.364 ms - 59594[0m
[0mGET /libs/animated-game/js/jquery-1.9.0.min.js [32m200 [0m14.514 ms - 93068[0m
[0mGET /libs/animated-game/js/path-animal.js [32m200 [0m34.792 ms - 2701[0m
[0mGET /libs/animated-game/js/tree-face.js [32m200 [0m35.072 ms - 1600[0m
[0mGET /libs/animated-game/js/main.js [32m200 [0m14.050 ms - 2470[0m
[0mGET /libs/animated-game/js/snap.svg.js [32m200 [0m18.578 ms - 235192[0m
[0mGET /favicon.ico [33m404 [0m26.764 ms - 2197[0m
[0mGET /favicon.ico [33m404 [0m19.882 ms - 2197[0m
[0mGET /libs/animated-game/js/jquery.min.map [33m404 [0m30.592 ms - 2197[0m
[0mGET / [36m304 [0m48.992 ms - -[0m
[0mGET /stylesheets/bootstrap.min.css [36m304 [0m0.861 ms - -[0m
[0mGET /stylesheets/style.css [36m304 [0m1.153 ms - -[0m
[0mGET /bigmap [36m302 [0m1.530 ms - 46[0m
[0mGET / [36m304 [0m45.913 ms - -[0m
[0mGET /stylesheets/bootstrap.min.css [36m304 [0m1.045 ms - -[0m
[0mGET /stylesheets/style.css [36m304 [0m0.756 ms - -[0m
[0mGET /bigmap [36m302 [0m1.202 ms - 46[0m
[0mGET / [36m304 [0m44.991 ms - -[0m
[0mGET /stylesheets/bootstrap.min.css [36m304 [0m0.785 ms - -[0m
[0mGET /stylesheets/style.css [36m304 [0m0.685 ms - -[0m
[0mGET /bigmap [36m302 [0m1.097 ms - 46[0m
[0mGET / [36m304 [0m52.723 ms - -[0m
[0mGET /stylesheets/style.css [36m304 [0m1.898 ms - -[0m
[0mGET /stylesheets/bootstrap.min.css [36m304 [0m1.928 ms - -[0m
[0mGET /bigmap [36m302 [0m1.010 ms - 46[0m
[0mGET / [36m304 [0m44.671 ms - -[0m
[0mGET /stylesheets/bootstrap.min.css [36m304 [0m0.737 ms - -[0m
[0mGET /stylesheets/style.css [36m304 [0m0.747 ms - -[0m
[0mGET /bigmap [36m302 [0m1.167 ms - 46[0m
[0mGET / [36m304 [0m68.817 ms - -[0m
[0mGET /stylesheets/bootstrap.min.css [36m304 [0m1.660 ms - -[0m
[0mGET /stylesheets/style.css [36m304 [0m1.395 ms - -[0m
[0mGET /bigmap [36m302 [0m1.476 ms - 46[0m
[0mGET / [36m304 [0m28.312 ms - -[0m
[0mGET /stylesheets/style.css [36m304 [0m0.678 ms - -[0m
[0mGET /stylesheets/bootstrap.min.css [36m304 [0m0.584 ms - -[0m
[0mGET /login [36m304 [0m30.839 ms - -[0m
[0mGET /stylesheets/bootstrap.min.css [36m304 [0m2.339 ms - -[0m
[0mGET /stylesheets/style.css [36m304 [0m2.229 ms - -[0m
[0mGET /bigmap [36m302 [0m1.037 ms - 46[0m
[0mGET / [36m304 [0m30.332 ms - -[0m
[0mGET /stylesheets/bootstrap.min.css [36m304 [0m0.672 ms - -[0m
[0mGET /stylesheets/style.css [36m304 [0m0.560 ms - -[0m
[0mGET /login [36m304 [0m29.625 ms - -[0m
[0mGET /stylesheets/style.css [36m304 [0m1.030 ms - -[0m
[0mGET /stylesheets/bootstrap.min.css [36m304 [0m0.918 ms - -[0m
[0mPOST /login [36m302 [0m11.596 ms - 58[0m
chenwenxiao@live.cn
[0mGET /bigmap [32m200 [0m537.518 ms - 104386[0m
[0mGET /libs/animated-game/js/underscore.js [36m304 [0m6.603 ms - -[0m
[0mGET /libs/animated-game/js/jquery-1.9.0.min.js [36m304 [0m5.969 ms - -[0m
[0mGET /libs/animated-game/js/backbone.js [36m304 [0m4.779 ms - -[0m
[0mGET /libs/animated-game/js/path-animal.js [36m304 [0m3.415 ms - -[0m
[0mGET /libs/animated-game/js/seedrandom.js [36m304 [0m3.284 ms - -[0m
[0mGET /libs/animated-game/js/tree-face.js [36m304 [0m2.776 ms - -[0m
[0mGET /libs/animated-game/js/snap.svg.js [36m304 [0m0.858 ms - -[0m
[0mGET /libs/animated-game/js/main.js [36m304 [0m0.524 ms - -[0m
[0mGET /favicon.ico [33m404 [0m29.850 ms - 2197[0m
map : {"round":0,"index":0,"code":"six = (one = 10) + (two = 20) + (three = 30)\nsolve.right three\n","tip":{"title":"第一关指南","content":"向右前进即可：\n      solve.right 30\n"},"background":{"src":"/images/background.jpg"},"items":[{"type":"player","id":0,"x":350,"y":250,"width":50,"height":50,"stable":true,"gravity":true,"move":true,"vx":0,"vy":0,"src_walk_front":"/images/player_walk_front.gif","src_walk_back":"/images/player_walk_back.gif","src_walk_left":"/images/player_walk_left.gif","src_walk_right":"/images/player_walk_right.gif","src_stand_front":"/images/player_stand_front.png","src_stand_back":"/images/player_stand_back.png","src_stand_left":"/images/player_stand_left.png","src_stand_right":"/images/player_stand_right.png"},{"type":"ground","id":1,"x":300,"y":300,"width":300,"height":20,"stable":true,"gravity":false,"src":""},{"type":"ladder","id":3,"x":220,"y":400,"width":50,"height":100,"stable":false,"gravity":false,"src":""},{"type":"knob","id":4,"x":325,"y":275,"width":30,"height":25,"stable":false,"gravity":true,"targets":[5],"status":true,"canuse":true,"src_closed":"/images/knob_closed.png","src_closing":"/images/knob_closing.gif","src_opened":"/images/knob_opened.png","src_opening":"/images/knob_opening.gif"},{"type":"door","id":5,"x":500,"y":200,"width":50,"height":100,"stable":true,"status":true,"src_closed":"/images/door_closed.png","src_closing":"/images/door_closing.gif","src_opened":"/images/door_opened.png","src_opening":"/images/door_opening.gif"}]}
[0mGET /game?stage=1-1 [32m200 [0m107.958 ms - 5566[0m
[0mGET /stylesheets/bootstrap.min.css [36m304 [0m1.491 ms - -[0m
[0mGET /stylesheets/style.css [36m304 [0m0.799 ms - -[0m
[0mGET /libs/requirejs/require.js [32m200 [0m26.971 ms - 84263[0m
[0mGET /images/tutor.png [32m200 [0m13.496 ms - 62219[0m
[0mGET /javascripts/main.js [32m200 [0m10.390 ms - 451[0m
[0mGET /javascripts/compile.js [32m200 [0m14.624 ms - 1280[0m
[0mGET /javascripts/editor.js [32m200 [0m27.094 ms - 199[0m
[0mGET /javascripts/solve.js [32m200 [0m26.265 ms - 5688[0m
[0mGET /libs/coffee-script/extras/coffee-script.js [32m200 [0m62.201 ms - 162003[0m
[0mGET /libs/jquery/dist/jquery.js [32m200 [0m58.269 ms - 247597[0m
[0mGET /javascripts/view.js [32m200 [0m15.873 ms - 10044[0m
[0mGET /javascripts/map.js [32m200 [0m27.669 ms - 1729[0m
[0mGET /libs/bootstrap/dist/js/bootstrap.js [32m200 [0m16.957 ms - 68890[0m
[0mGET /libs/Snap.svg/dist/snap.svg.js [32m200 [0m41.412 ms - 266048[0m
[0mGET /libs/ace-build/src/ace.js [32m200 [0m41.550 ms - 640711[0m
[0mGET / [32m200 [0m52.951 ms - 2396[0m
Killed

npm ERR! Linux 3.13.0-32-generic
npm ERR! argv "/opt/node/bin/node" "/opt/node/bin/npm" "start"
npm ERR! node v4.1.2
npm ERR! npm  v2.14.4
npm ERR! code ELIFECYCLE
npm ERR! shadowcats@0.0.0 start: `node ./bin/www`
npm ERR! Exit status 137
npm ERR! 
npm ERR! Failed at the shadowcats@0.0.0 start script 'node ./bin/www'.
npm ERR! This is most likely a problem with the shadowcats package,
npm ERR! not with npm itself.
npm ERR! Tell the author that this fails on your system:
npm ERR!     node ./bin/www
npm ERR! You can get their info via:
npm ERR!     npm owner ls shadowcats
npm ERR! There is likely additional logging output above.

npm ERR! Please include the following file with any support request:
npm ERR!     /root/Desktop/mfhraven/shadowcats/npm-debug.log
